<?xml version="1.0" encoding="UTF-8"?>
<!-- Generated by org.testng.reporters.JUnitReportReporter -->
<testsuite hostname="DESKTOP-UN73C2C" failures="0" tests="3" name="datadriven.datadriven" time="0.020" errors="0" timestamp="2025-10-31T13:25:00 IST" skipped="0">
  <testcase classname="datadriven.datadriven" name="testCaseData" time="0.011"/>
  <testcase classname="datadriven.datadriven" name="testCaseData" time="0.003"/>
  <testcase classname="datadriven.datadriven" name="testCaseData" time="0.006"/>
</testsuite> <!-- datadriven.datadriven -->
